2 9504 7632
2 8890 978
2 2581 2887
2 8670 6686
2 2384 7433
2 7468 4793
2 7013 5071
2 1135 6753
2 8773 7206
2 203 2528
2 7227 4818
2 2418 1344
2 3654 7581
2 8227 1546
2 9121 8727
2 7716 4557
6 7270 872 3272 3887 2410 1150
3 6252 1023 4417
3 719 2288 2669
2 2176 820
8 4679 9044 389 1180 9389 5623 3863 5926
2 6321 180
7 563 7613 4337 242 994 2564 1602
2 1178 8563
2 3647 773
2 3321 7678
3 7109 1159 8345
2 7948 1190
2 3578 2758
2 3696 1339
2 6031 9287
3 9256 9377 8722
8 5137 8968 4465 7742 9123 9736 4145 5817
3 9550 4006 4604
3 6403 6190 9601
3 2015 1146 4949
2 6039 4941
2 4829 5226
2 5991 5067
5 7913 1376 4811 1139 70
2 2736 7376
3 1105 9763 3870
3 8758 1319 1284
3 311 2751 2951
4 7936 1529 4868 1559
3 9913 5441 9999
2 7325 3207
2 3202 3638
4 8878 7284 2265 4432
2 9459 7458
3 9449 4070 5578
6 5649 1067 5813 6621 2097 9131
2 8184 4471
2 3358 8730
2 8965 9824
2 8578 492
6 1563 2346 6521 3525 7725 4538
3 7862 7684 9693
2 3708 8824
2 8967 9359
20 549 7020 2649 3502 921 4441 2315 5094 5379 2142 4712 9843 9453 4600 4169 7051 7918 4157 805 247
19 1776 6404 8277 6473 6647 8038 6898 592 2144 6823 8201 4210 7518 6501 8581 8332 4042 5467 2200
3 2735 8071 3288
18 4948 6004 3632 1634 5690 4415 4773 688 8200 5518 7295 1073 8270 2993 2608 6819 8532 1157
2 1192 9803
2 9927 89
4 4644 3729 7655 8235
2 5480 6018
2 7575 9723
10 3580 6189 6208 7075 229 6782 2353 6559 7251 3838
18 3090 1879 9246 8207 1949 3818 9159 4249 2710 5763 1131 4275 8666 7426 4967 1923 7044 3456
20 768 6752 4080 3490 378 1553 9478 6104 6452 9456 723 8162 1764 3633 7100 6676 7042 5714 2764 2628
23 7957 1883 2523 6942 6903 9712 4990 990 9284 2119 8904 2923 7195 4345 3516 4380 7705 763 16 9977 6955 4488 9854
2 6912 1000
3 1209 4027 5821
17 1560 7198 1970 1430 5679 7194 2729 8160 4925 4439 6578 8762 488 5294 1760 1137 5265
20 9313 3527 5487 4910 1186 7534 9822 6596 9321 742 8886 5084 8056 4510 259 3927 2926 8685 7175 4077
19 5934 9090 493 2440 2686 559 8493 1709 2851 5950 3060 1895 367 756 9552 4479 4341 7252 5459
12 3055 5858 8832 8915 7453 1706 3015 4752 9465 7906 9117 1185
3 2573 8397 9277
21 6466 8086 7585 4720 846 9100 3227 8239 6622 7130 470 3001 9697 323 2131 1446 7524 6464 5363 302 9792
18 5018 4098 3104 284 164 6580 5238 4857 320 581 2876 1056 5365 6766 4231 6958 3620 3643
15 4058 190 6053 4065 8244 2561 1918 5098 3374 9398 1893 1586 7733 8154 6260
3 2297 1555 8490
2 3608 7061
18 4758 8698 2788 608 2881 4938 5287 584 3752 8218 1322 9258 7960 7121 2593 962 9061 747
19 1273 2296 9495 5626 6356 6133 249 5556 1042 8048 1654 9092 6099 1303 6158 3644 2976 3289 9227
3 666 4646 5138
19 7929 3276 2915 9874 507 4639 6946 1297 4470 9848 9363 4252 2202 3964 6717 898 7943 8943 7565
19 8292 8489 5744 5887 5756 9738 6380 369 550 7630 8881 3774 2428 5669 4977 5637 3837 8311 9531
19 4309 3655 2422 3426 1685 9273 578 5221 7142 3508 8121 9081 7241 148 8948 5758 361 9525 160
6 1867 1002 9418 6665 3737 8216
3 2519 9483 9520
12 6381 3409 2293 2657 6550 310 486 5977 2730 4683 1277 1809
8 5970 1724 6110 6741 4482 8253 251 5439
2 9563 1855
22 6822 3410 1630 8629 9030 7337 6357 6251 9817 816 9026 183 9966 9924 2795 4934 6535 6576 1327 6991 5370 6461
9 5324 4352 8788 5141 1086 79 7863 9673 3665
2 6377 9360
19 2465 9670 5572 4630 977 6762 2680 8819 6116 7153 9102 3504 427 702 6051 7390 5044 1730 5760
19 4078 9402 2074 6128 3036 8615 9836 8505 4072 7368 1316 4175 8230 9230 9608 8126 1115 4292 443
6 4435 5562 7506 3298 464 7641
20 187 6662 5517 2216 8194 3215 9964 9639 3031 6880 5168 964 1321 9528 31 4220 648 9281 4886 5784
2 5983 4325
3 3147 1785 2448
19 1040 7320 8203 1804 2167 2654 7971 7483 153 4936 8394 764 6287 6626 5644 4049 5331 3528 7283
22 7657 7140 4546 4112 5025 448 8085 9819 9645 3751 5072 1026 3091 7242 9338 8836 6606 5485 3447 7487 9638 4268
21 6663 7711 3773 718 8747 5291 2857 7176 272 1679 4092 5326 1554 620 1358 1935 4286 8701 5063 8556 44
9 4525 9411 8262 4223 8573 6475 3341 7713 8905
2 2718 9910
10 7070 6529 8892 8348 8605 5883 7496 4671 7093 2650
16 6689 8189 8715 2780 497 2551 8996 4523 798 6154 4401 1213 2697 6518 2594 1301
8 3629 8787 2717 7972 8913 3954 5542 3978
5 4839 1208 174 7600 9967
2 7804 5886
21 6670 3245 271 5214 1240 6012 6729 6484 7940 2765 8304 6249 8335 8202 8971 8805 4054 3612 1939 7036 1691
18 1757 7455 2928 318 3119 5724 2602 8413 7488 561 134 1789 7218 3023 831 3850 5225 6227
5 88 3291 3709 8319 9606
24 474 658 6457 892 9559 2132 5495 6313 7425 8263 6566 3454 9880 3919 5164 3794 5430 5638 2763 5652 4339 5157 7472 4695
6 8477 789 233 9914 5471 1825
15 3607 3333 2791 2782 4003 9180 7477 8028 8599 3890 6207 2819 4158 7202 1718
12 423 8271 5875 3910 1830 3114 6591 3388 1093 2540 6221 7133
20 1992 3990 332 4493 7344 8272 8857 7931 9083 8473 6184 6759 9856 3143 6482 8522 2032 3043 4120 5575
13 9847 394 4885 8274 601 7710 4035 5088 7457 7078 9740 4177 5894
20 3371 2603 2748 8224 2825 2653 6805 2809 6301 6974 6102 6813 8016 8623 6768 4174 1484 5737 5376 5108
5 2247 8024 7546 9346 7432
19 303 9649 6786 4349 3398 9392 7274 350 9658 9055 3515 8753 2872 5625 9555 944 8265 8964 5434
3 2061 9349 9515
18 8175 9207 4583 5510 3739 39 5134 1772 6325 2615 7892 5053 750 2836 9024 7756 7460 9716
3 606 9954 8000
11 6412 3918 6200 7579 8665 189 8793 5742 4844 3259 5443
13 9752 4877 4455 720 3050 4602 6886 595 1160 542 6868 5985 8119
20 3549 554 7512 1564 856 767 230 7898 3293 7635 8081 2283 1092 5834 4142 2334 9765 9885 6342 7825
8 8731 7188 4084 9702 348 454 6090 2337
24 2009 3651 1524 9633 3191 5678 4139 1239 4256 3429 7080 8339 5734 7520 2003 3634 6936 1481 5749 959 5078 5364 1646 4392
22 4071 6656 3208 1177 3325 97 4965 2557 6495 5810 6431 3006 2092 6720 2310 6545 869 7017 8364 4962 9749 2408
18 1138 3257 4194 4502 168 9625 9138 3694 4012 1525 4438 5505 3020 9585 1699 9770 204 8217
7 8711 6610 8982 9764 9176 1887 6721
8 9679 8029 5307 6515 4181 8718 6419 325
21 9619 1227 315 409 2382 2060 8785 8909 7503 4496 5664 2715 7340 3360 5 1703 4298 3820 3742 532 4241
6 2883 2166 442 1143 923 3749
21 5335 6952 2424 7471 3865 4107 415 5008 8326 9072 4122 2454 5961 312 9294 5536 4284 5688 2002 7527 3880
21 3442 9733 2426 6202 7226 5650 9381 1947 9513 4204 744 4876 7056 3235 9580 6614 5889 9721 6230 7751 7219
6 5235 3362 4420 3903 5666 1191
20 5868 8630 8323 3317 6220 4409 5628 3952 2867 9474 2308 9509 8389 9861 762 3965 5446 3928 7559 9387
4 7965 3381 5513 7899
9 1097 2589 9691 4761 8991 2171 5478 3755 5538
20 2917 1512 2963 8328 8536 4782 7628 4595 867 6677 3163 5000 8170 5828 7233 4172 1642 1380 710 3224
21 5440 7709 3384 3068 6922 7434 6078 4371 3624 938 8064 2237 7703 3297 9301 3898 5493 5988 3914 7058 2617
17 5717 3826 9636 9314 7492 6597 8820 8481 3592 2431 173 1821 9986 7954 471 1009 3656
19 6277 9626 7230 9385 5593 2343 6306 6820 7352 3805 2155 1478 1085 7288 4134 8808 7591 7173 5244
14 8950 5808 3170 9282 3263 989 95 2541 9519 5604 9454 2691 6573 5873
18 2720 9020 8020 8902 3594 5830 2790 3278 3534 1854 8297 8356 1285 7290 1490 4069 2049 8337
20 519 8675 1013 1588 3066 98 7239 4802 7259 686 7560 7280 3552 3219 5897 1408 3407 7951 9677 7969
7 3167 8213 2006 6951 5816 7909 5646
19 9409 8587 8699 212 5156 645 4099 8667 3210 3635 985 9788 3324 1367 6112 8078 3455 1982 4218
4 2432 3239 3760 240
19 1269 1625 6307 7097 7342 7762 6562 5140 4730 3296 548 6281 1858 3681 5544 9431 5035 4929 3279
11 9003 6361 3148 9412 565 3116 952 397 8620 2177 1652
12 7952 9347 2642 2338 6023 8412 967 2099 8278 6539 2961 8777
19 3817 2327 1421 1111 8445 7068 4532 5306 5391 9929 4051 7747 1021 6445 770 6241 8927 6063 5029
20 5693 7329 9965 2056 2323 7665 4355 9741 2882 4942 3178 2476 4751 6616 4735 2329 6242 4416 4308 4178
13 6541 7180 166 2401 6567 1922 8139 1594 6994 2145 2373 7348 3033
2 6901 4796
8 7108 4301 9600 329 3662 5312 9488 2130
21 3307 1332 2357 8713 6765 4666 6480 5910 2125 1416 7753 6894 3166 804 4968 5599 3856 1931 7881 1107 7105
17 9976 2531 4836 9897 6243 7872 7627 1682 3337 4991 8248 6157 6594 336 9010 8870 398
3 9514 9925 7482
19 672 113 2512 530 935 3778 5298 8237 9324 928 9686 3980 9756 7992 1219 5198 9290 6603 9380
5 6198 8783 9503 4588 3367
6 2316 4056 9473 8370 1246 2709
20 5445 2828 627 7117 9806 2031 330 7479 5279 883 5909 4810 3503 4022 9648 8082 7436 3526 1174 4354
3 1066 6879 5059
2 1803 2939
22 375 6485 4437 9627 9830 5663 2754 5382 5610 194 7125 3137 9899 9076 4412 8468 1811 3448 5203 82 3237 6444
11 2571 6044 4414 3024 482 3740 4329 5296 2289 3356 7391
17 2695 726 3947 6293 5437 8500 4772 2777 8821 8340 7947 6250 6432 2550 8113 2579 2312
5 5192 4717 6583 437 1680
8 7561 7398 9595 9469 6645 1626 6152 4987
5 1315 8306 4390 3120 9120
4 1515 3614 3827 5190
18 6002 610 9996 2690 2981 2693 2599 8284 9175 2499 5509 5151 6311 18 6869 3464 2610 1437
19 6263 7064 7319 9289 5241 105 6161 3135 6397 2413 2462 7658 1354 5895 8658 5831 3719 4622 9956
15 7499 3564 4208 3779 9071 5169 2359 6855 2936 1347 8929 2698 8221 2750 5631
3 1335 3936 766
21 7401 9820 1689 5541 6058 1835 6066 7143 5317 7189 7741 8672 198 1878 3322 5130 3613 9413 4716 5224 9354
20 9675 8149 6155 8803 7686 2059 6132 3524 8815 4569 1289 3320 6309 5747 3273 6035 2516 4133 8226 5545
25 5300 9698 4428 4170 5425 69 5668 9620 6261 7988 4924 624 7510 288 5181 654 4672 2637 5912 13 1377 2069 327 3945 2321
20 700 5027 8566 7102 7787 6119 9068 3122 5064 1464 1702 3438 9663 8294 787 8341 8156 9674 7467 7261
4 713 567 5295 3560
14 9084 5727 5393 1489 3603 4450 8895 9049 1940 6899 6481 8053 7983 1704
7 8708 6418 1206 5444 6384 1927 7986
24 4742 9291 7553 8786 7086 6503 8937 380 3609 2192 880 2546 9894 6755 2549 5506 1759 8281 4691 220 2182 5596 6368 6870
22 6831 8458 8548 248 4405 8167 4503 6832 9849 9826 7094 6543 4900 784 143 1362 188 3595 4766 8137 9034 2953
19 7475 9187 8848 1030 9543 2518 6141 7847 3205 6904 6389 6602 1538 7815 2812 8070 2492 1622 5333
5 6815 6269 3430 9249 835
6 7429 7849 8303 9451 3559 5718
4 7119 4520 6960 685
19 3253 1323 5049 4207 8856 5539 7386 2406 6910 2063 9943 1666 2510 14 5811 3134 8122 7160 5916
22 5497 3168 5948 6875 839 9654 4658 2852 1768 5684 5176 8906 6801 5475 7688 5580 8657 3042 8384 1573 3929 5723
12 1005 3005 328 2455 7666 1755 8421 4317 3028 9909 8507 2421
20 4214 5213 7314 7380 5352 6062 2121 5481 5268 2270 4000 8679 6520 5946 1969 8503 4490 8453 7739 7826
21 4094 5902 4511 4848 951 4656 2781 3117 6333 5864 1394 7718 5582 6564 7023 2747 1536 7800 4281 2152 3971
24 3693 739 3160 1995 3200 2305 1627 7253 5409 8809 21 1747 8743 8745 2405 1894 2071 7836 3637 8275 5819 2847 1701 2409
21 2920 4475 9974 9666 1313 8133 4245 4123 5087 9687 1819 8004 6509 8885 5736 6477 8888 6840 6191 6278 8770
18 622 6735 9586 2731 5124 6850 3570 7757 9862 8215 4614 2889 2970 7577 1258 7410 5571 3185
18 117 6654 8774 6255 1628 5107 7682 4819 3767 2269 631 4972 6349 3427 2922 8625 4311 5423
23 9707 1228 5746 7638 1986 3816 3414 2442 3315 4244 9322 8721 836 7556 5570 2911 291 2726 6300 8663 8374 2509 8908
20 8329 9166 2742 4228 4029 7840 5994 8610 1431 8935 5705 7771 7634 7744 1074 5937 9178 4961 8528 4741
7 568 1438 4635 7662 7147 3252 6285
4 4601 1815 1381 6143
22 5086 2324 7104 277 8835 1252 4854 6013 5405 9644 4128 8009 6264 4727 9624 6303 3703 9714 1905 1837 108 7214
21 5299 6150 2198 4657 6000 3721 3102 8506 285 8031 8822 3973 647 5842 712 1991 690 9829 9099 1003 9771
22 2135 3697 7846 1010 210 1913 3949 1415 1051 6680 3222 8115 6225 4915 5118 8619 9787 2133 1526 7459 9676 3899
16 1305 8290 825 7884 6009 3507 3689 262 7511 6972 8923 1983 5414 1722 2905 4474
22 8640 1113 9274 9012 498 8173 7732 5603 7830 1199 1781 9739 6320 3359 3771 5378 1645 8838 9004 7416 4310 3380
21 8102 4260 6168 5516 7668 9118 1537 3986 5486 78 5484 8006 7200 7736 4542 5687 2258 2148 7731 4189 9296
23 4379 1784 7451 9255 8464 9135 7448 5844 5608 4358 614 7978 813 2858 5229 9534 2474 9507 5973 5354 7606 1080 9811
20 8703 3049 6747 1530 4421 3445 6244 5260 1891 1411 1889 687 3472 8837 5949 5432 298 3012 8540 1089
19 3855 1492 9087 8440 6340 8187 156 6582 6769 4698 9732 5152 1426 5812 1390 8641 1805 2814 5230
20 2949 5881 8586 6536 6575 1346 4971 2907 3216 693 4572 588 9599 1899 2879 3390 3941 1304 5501 1658
3 8310 1880 7813
18 7861 7891 854 9737 6907 9659 2931 5502 2364 9245 6259 7031 1749 6322 6314 7358 6964 5499
3 677 7779 8596
2 306 1114
20 5860 2278 9452 3461 7430 3022 982 5557 7516 7614 3027 6560 1615 6010 652 3676 9878 8755 5362 6467
18 6916 2429 9052 2957 1054 4088 3051 7882 7558 115 9229 6600 1216 0 9461 3535 5460 2843
3 4059 2212 7522
3 4494 2053 2502
4 9325 9985 8719 5573
21 7956 8932 6851 5282 8868 506 986 1181 9952 7680 594 7250 7835 8752 4261 9699 9745 3591 8523 4251 2597
19 1543 1447 9137 3557 2663 4615 7643 7501 776 7497 2461 5980 1659 4530 1064 1204 998 3985 4378
17 4150 1609 513 9815 984 4744 6460 5919 264 1280 9057 3387 8622 9439 5390 2897 6073
18 4008 4882 8792 4404 7994 4636 5394 7363 1229 8975 1816 5066 9184 1473 707 9970 5144 5731
6 9140 4873 5654 2566 4838 4321
4 6783 9252 8402 2376
17 9888 2507 6558 3092 9640 3966 146 4403 7383 2678 4931 8354 9609 6976 1359 4592 3934
20 5245 9851 8574 1260 1977 823 9647 6319 129 4152 3081 1333 7989 3492 9961 5024 1641 3184 5788 5865
20 9305 6767 8209 2784 3510 4973 5344 408 3536 7265 25 6282 5676 3702 4998 5202 2830 4095 4192 5127
2 1978 5903
6 6807 4984 6304 8198 2866 8994
17 7928 1414 4255 3605 4028 5428 8037 8652 4559 3161 995 6291 7673 7968 8947 7937 383
3 3156 7444 9530
18 6228 1773 7927 1655 3537 5660 3867 5211 2694 1670 6072 2811 7589 1077 579 5011 9711 3711
7 7399 8158 7373 4940 6247 384 1998
11 3030 9852 9744 3225 5325 207 6302 2249 6315 9558 9703
10 7040 6843 6329 9685 9579 3824 1087 7758 9399 6022
20 3555 1384 1100 2539 5120 6984 1365 9062 6962 6548 5350 4082 558 8759 2354 8839 926 7789 2530 3884
4 3444 1817 6644 8008
20 4618 5402 5359 6547 9341 2706 6657 2246 3905 26 5877 7408 3733 8483 45 973 1456 3408 6080 8921
22 273 1794 2899 200 8157 9575 4957 1693 643 8945 6699 5470 8010 9865 9253 8702 6032 3074 6148 6350 1300 5311
21 6695 5971 4959 8979 3833 9130 4017 7275 4824 6146 3828 2263 1400 4240 6561 822 4757 3853 163 4846 7371
11 8962 8557 5112 6159 3512 3453 8245 5975 6348 2627 9650
20 2869 9463 4815 9757 5917 3789 5622 524 1176 2722 2478 8565 1033 5840 3548 2251 9997 6465 6127 7568
17 6724 5743 6410 35 4913 2330 9436 5851 5898 9839 8999 2298 4242 5978 2139 5696 8898
20 3869 9046 7082 5771 1908 417 2178 9833 7609 2805 8576 1806 1713 1225 7136 535 4556 4540 3762 1619
12 734 1024 4233 7372 4528 7519 2196 5159 5633 4116 1570 4473
3 9393 8192 7621
21 7463 3667 1090 150 2973 4020 4914 1487 7778 5001 9998 9919 8359 3213 4500 879 5533 4697 7722 8333 3745
20 4855 219 8073 5621 376 4344 7010 6426 852 6298 4191 4148 7127 9147 4996 3730 4649 8057 2868 5435
22 8518 2313 2714 2711 7406 5829 3783 7663 7387 1098 5635 9397 6042 5738 6256 5648 2136 4230 1633 3679 8414 9317
4 9216 4048 1956 1427
4 6745 6744 8422 8606
4 84 9251 4736 7069
3 4377 4411 1545
22 5769 6900 2436 1121 2783 2470 2480 7498 4224 5801 5561 7071 9170 4548 3056 2820 1788 9119 3347 3836 3543 224
24 920 6502 6493 9556 3541 4153 8653 1474 4274 1700 1096 3277 8986 7192 884 651 8325 4668 2908 1383 556 2019 2225 6258
21 769 6794 2106 4507 849 6927 8806 629 9238 6681 3959 7101 9021 5412 4774 9661 2100 7833 4680 2664 1708
16 4637 7114 2335 6430 4709 5021 4209 7842 5908 2004 605 6889 6914 1088 8124 7851
2 4887 4476
9 4090 9935 3329 3017 3475 9182 6463 1015 8019
20 3988 5227 5990 2495 640 9065 66 7633 4068 8767 8549 3061 2668 604 5683 8080 5361 4269 1083 2586
4 4307 4536 5371 2620
3 1833 6544 1356
23 4842 4387 1142 3199 4115 6537 3759 9731 8987 9379 2057 7062 8107 1763 3889 1976 6005 1129 8295 8238 7011 1540 9499
20 222 7186 5113 5060 9401 730 8816 7193 7113 9754 1286 9295 5401 9760 440 4162 5549 4363 8331 1948
10 6706 5615 3572 435 3230 9750 2998 4127 1378 3562
4 5885 1407 8447 6527
9 6961 7993 1959 6825 5780 4580 2987 8501 7590
22 957 7287 5954 1500 3615 6512 8761 7697 7334 2037 2042 6995 5136 9578 3728 8441 9493 2277 6087 9206 2165 8612
21 4894 7864 7768 199 9524 607 9158 8851 9160 4701 6540 9933 5346 54 5010 3835 2968 4140 4554 5918 6487
22 24 1838 6239 9487 7690 9477 161 2527 2415 6041 4121 684 539 1925 5820 8949 8411 432 4606 4911 9013 6933
20 29 817 9267 7867 9345 4645 5913 8373 9462 9748 8936 4004 4599 1058 1732 4640 2773 7181 9025 5410
20 1664 3236 5818 3601 8309 6634 9497 2075 6114 946 3389 1385 5178 4753 4901 3700 9834 3264 888 2221
12 297 7889 3424 2118 7876 9512 5815 353 4147 7015 722 1052
17 2944 2147 656 657 636 2021 5730 9112 6124 4678 324 6725 6323 2300 3797 2544 6339
11 2356 5218 1984 9845 7122 4052 5247 8260 5339 9198 7814
8 8204 400 6003 908 3088 5334 5173 390
2 8088 1018
22 5424 477 5856 5920 3972 6538 7811 2115 1930 196 6165 8153 905 3810 2379 6065 301 9891 2098 8349 1343 4726
8 268 2123 7792 2112 494 4433 5979 2007
8 2559 696 1697 2896 8188 7679 7362 7601
19 961 7810 3029 206 6265 7934 2464 4063 9505 3394 3476 5171 9372 9672 351 1751 4320 644 7611
9 9283 2233 3196 7196 8553 9048 1705 2873 906
20 372 3540 4200 8448 3433 1721 6674 582 5340 8061 7930 1712 7706 6014 1813 8849 6978 2964 3313 465
10 1888 3294 457 6076 1027 9642 2609 3588 8572 2818
21 2986 7612 7357 1869 5955 2261 9949 5457 7903 3173 5941 9489 8231 748 5773 3343 3304 7228 6569 8424 7307
21 8520 9128 6455 7446 5054 6399 1660 4832 8150 9403 1533 1409 3911 6046 8893 4570 2488 424 4332 5859 6439
20 8342 2079 6756 1640 511 3232 5847 3211 5658 1551 3682 9471 5223 2792 5634 9484 2677 8778 8877 5987
5 8840 8484 9191 9186 6834
1 2591
2 1874 4469
10 541 3311 5189 3403 9735 3530 5969 8726 9172 9860
3 1194 5553 1022
20 445 5387 5710 6420 8554 8768 2473 2556 9810 1071 1034 2844 9664 9903 9989 5489 5257 669 1439 1374
20 3281 3640 6669 9485 9002 9199 8780 5070 6581 9548 7997 165 3419 6895 3125 455 5825 7304 4817 5647
22 9523 7435 8426 6409 6966 9761 5962 2122 8063 6059 1132 815 1007 393 1144 5431 3327 6093 7980 5884 7676 790
24 9799 6780 8425 842 6206 7249 6563 2651 708 9156 2760 4221 774 257 6382 4333 1919 258 1262 6070 1495 3723 3132 4865
17 2008 8736 3176 9631 6413 8035 553 8953 5380 6363 1818 5498 5383 322 7919 5404 1562
23 8395 3596 7428 4794 4673 4202 7494 7816 7316 7727 9038 2156 5785 7521 8720 2204 2524 5338 2815 2326 1694 2983 9922
2 476 5254
20 3149 8302 4624 9353 9743 633 8094 254 8830 7599 7720 3312 2759 5450 8931 6028 4747 2271 6388 6433
2 1399 218
22 4143 3546 1593 9011 2036 8110 5952 7729 6932 3811 5794 8431 5080 1610 7050 6427 6845 4759 2886 1095 5047 6918
17 3471 864 533 3840 1676 2191 6830 9682 4373 7157 1795 5322 5416 3642 7038 7700 562
3 1778 2445 4823
21 55 9920 7631 5686 4205 3338 9652 4561 4043 9547 4025 1119 5103 7059 1836 6074 226 4626 7996 976 9250
17 5341 1406 209 8614 6402 4786 2128 9553 6793 3699 7528 8704 4381 3868 807 2134 8865
8 9864 2412 4361 2592 5232 3041 3422 3048
12 6115 7293 7704 6164 7557 3583 5751 9364 8782 8099 8047 5653
21 2912 7156 9768 5369 7255 7152 2984 6297 7754 4768 9533 8199 2894 4603 1808 3957 4820 4239 9056 899 859
19 4687 8739 5017 4733 753 3802 4119 5782 1875 9376 940 7844 4763 3265 828 5616 6113 2839 9396
9 2576 6139 3951 5377 2916 8298 8571 8433 2840
4 5332 4138 6911 7289
20 5598 6884 4154 1102 8379 6989 3829 3432 6692 7699 5802 5850 2822 4563 7165 3113 6624 590 6701 5524
10 6913 7677 3821 23 1442 7784 7235 3076 7831 3480
20 4788 1372 874 9105 5662 379 4074 5532 1342 5639 2018 4436 2381 9567 8451 1341 9700 5855 6612 3617
11 4346 7028 2230 5711 7809 5272 4447 7719 4108 3825 3350
21 157 3249 3849 502 3375 2000 1422 6999 7749 4608 5384 1094 4144 9883 8387 2096 9660 3014 3223 7115 8636
2 7110 9921
6 1973 7990 9840 6595 571 3631
16 5161 8055 211 5426 76 9541 3650 1623 7775 3431 1156 3571 3229 7356 2755 7586
1 5982
15 4495 3579 1251 3991 4705 6222 1695 3330 8276 5463 844 1579 8716 7828 421
23 3103 19 2838 2975 3129 9613 9576 876 847 2612 4539 7707 8077 2091 3852 6773 4956 2127 2287 5707 8862 3586 9069
11 6160 6658 2143 9813 326 267 9037 3345 7014 7760 2411
18 9581 2026 8410 7174 7364 2173 1282 4314 8624 2684 8946 8900 8469 7859 6631 2172 7182 2880
4 1735 2538 3354 6517
21 6965 1734 9316 7000 1723 761 871 799 4340 3323 5589 6687 8365 7878 8355 9307 3063 5551 2257 2888 8654
16 1866 6877 47 6360 4704 3669 8687 3722 4992 4100 6499 1582 3688 6661 7183 4324
23 6424 5358 3459 4196 1904 9286 6498 6648 4326 1436 2630 4625 6226 2214 179 7450 9124 2703 3718 5745 7625 936 3902
3 2941 7464 8330
19 5716 7687 6924 7248 7085 1873 9681 6618 137 9784 243 9798 2162 9726 3179 5147 6 8611 3897
16 580 902 4863 6173 9232 3731 894 155 6988 5776 5348 4779 5474 9097 7597 8106
20 585 1860 5540 57 6523 8353 1864 6248 8097 6462 7782 8632 5197 2849 4364 1153 5900 7533 3440 4725
3 499 9868 6170
22 8406 1637 945 4575 8040 5158 6089 6197 4722 991 589 9653 9211 3118 7478 2629 1479 5661 3690 9915 9906 6288
22 2020 6135 3976 1221 6069 7190 8529 3393 8798 7490 7672 2768 9978 5330 1744 2070 3206 6365 9214 2890 1624 3922
2 2660 6441
4 5381 5721 9019 3861
10 7141 9405 8449 3188 8546 1140 6217 7979 845 9794
20 7799 699 3396 9382 313 8190 7037 538 3292 1435 7536 9047 7291 9040 8891 8538 9831 2724 3883 307
20 8728 6849 4164 9804 9751 9127 3434 7924 1842 7904 3844 4762 1108 5531 2865 7476 1868 4799 2772 3021
24 8179 2536 5466 428 5602 6526 8259 252 9151 1831 2933 9444 1253 3926 2416 8678 269 5345 5563 9220 1636 7374 7714 9993
21 9979 4781 1674 9602 1326 7438 7555 6416 2670 2740 3968 2285 6075 205 6817 438 1599 4040 3084 7201 107
22 3008 9544 4661 7637 5712 4953 3439 7466 6279 8534 9542 6891 441 1780 1936 850 4176 6617 7667 7393 8147 4091
19 7640 1605 5698 8784 1777 4024 3181 5465 698 412 6262 2582 2481 2491 5893 3611 3478 8120 4732
8 6607 7116 661 9890 950 6238 3705 5020
19 9901 4648 8588 9464 4659 1459 7659 4235 6387 9621 6935 7053 2344 495 6514 6993 664 3819 914
22 7911 6123 3891 1955 1843 2333 6969 5366 6630 2893 7610 6513 5479 4573 5762 73 1663 6470 3687 5953 7338 8054
20 3457 3138 4830 881 382 2110 5373 2011 8475 9153 3917 7623 8240 5327 6417 3792 140 9467 176 8001
8 7346 1061 446 6224 5618 6405 3619 7953
20 3743 9406 8978 4686 9042 5012 7162 5400 2702 8843 9607 1590 4173 4468 3246 2902 1118 7146 8700 616
3 3539 5891 1375
7 6456 1651 6245 3086 5281 6795 1306
21 5406 3758 5748 3566 8682 772 8585 8023 8334 9231 4442 4015 6214 191 5215 8249 6096 7615 9067 4891 5037
20 3025 5237 2511 5732 2999 7191 6672 1942 2645 1513 2284 43 4612 4005 8251 1726 9129 737 5264 3500
2 364 3491
3 873 2430 3848
17 7229 8021 9869 6474 2937 1762 7150 1037 7854 706 7917 6019 5753 3558 9374 5508 6153
20 7088 5500 6192 4875 1508 4481 1613 1433 8598 7588 2433 7504 7367 4812 911 4272 9154 9827 5030 1758
7 489 3575 965 933 1844 3111 7264
6 3692 3193 943 2463 9350 4650
11 6649 7379 8111 3809 9540 418 9146 392 9304 811 1076
19 2774 4706 3368 780 1797 3169 4089 1561 2370 9029 600 7767 3864 8095 4983 4700 6917 5174 1212
20 8509 109 9306 6125 1 141 8998 5062 9270 2796 8471 8525 2342 1542 4808 3180 1350 5293 6294 7938
16 583 6740 4629 81 1944 7296 6129 5997 5461 4577 8508 1961 8866 6650 1472 8861
21 61 2942 2520 9109 5674 5374 6121 576 3256 5320 870 4385 3900 6335 5146 7154 8165 9791 4568 5931 5857
16 5343 3334 9657 9457 3940 1016 3145 5284 609 2124 9257 1847 2940 7095 7375 4243
20 5304 2738 7224 4807 2982 7535 1475 9031 8182 7650 4419 8568 7437 5003 8790 1014 5286 3204 7985 234
11 6694 5034 5006 5507 439 4141 4862 5809 7267 641 8430
22 6633 6199 6068 5636 4826 5957 8609 2368 979 1979 6678 4898 2793 6362 6887 450 3280 2806 3523 3975 1569 1452
20 741 4693 4184 1518 9705 32 5433 2240 2977 4212 1035 3519 8561 1849 4427 3046 5845 2203 321 410
2 4011 4483
19 1528 5491 481 3717 6021 1046 3685 819 3469 1882 8526 8828 3363 9895 3158 948 6060 2494 557
21 5222 8435 5890 5090 9549 9064 9410 1369 7513 6056 680 8344 7285 5255 6371 8934 2529 3741 1195 8740 9614
24 1993 7129 3067 6804 3830 3544 3220 3468 3482 2407 2234 4840 4950 9708 6229 1462 1126 8825 9960 8959 4926 8195 8299 2029
2 368 5968
19 4586 4537 6327 8995 2954 4939 2534 8958 1486 80 3630 6511 2088 5248 1060 1987 4193 8618 8497
20 8420 8459 8254 290 354 4366 7693 6178 1736 2749 8357 4492 6145 9448 3441 8322 7343 2457 8723 1242
22 1353 1170 1852 5089 5285 8940 7019 2966 3496 7392 7788 7330 9588 8633 7850 5960 5048 6775 7268 3413 5665 8463
3 5091 9569 181
7 7355 2486 6015 5836 794 2666 2618
2 4467 7025
20 7877 7210 1267 3680 3906 127 9458 377 5250 7065 4135 2619 4952 6761 33 360 8083 1149 7168 2358
21 4066 2641 1363 5699 3915 6615 1281 388 8661 9152 8437 2016 71 6355 9058 9336 7057 5896 3099 1962 5454
17 8564 8376 3989 4299 7277 5914 613 8845 2487 362 1049 3533 6212 3284 5682 9990 2845
21 7318 8104 7648 5347 2577 1565 5764 1428 7090 5520 9755 8914 3209 6792 2995 5316 9501 8879 3310 9259 9747
23 8559 3197 1635 4935 1218 2537 9179 6274 4584 7926 736 5597 5117 9821 6611 9615 4431 2378 9668 3791 8279 1020 2794
2 7347 7773
